[2022-05-24 13:00:55,816] INFO [GroupCoordinator 0]: Preparing to rebalance group console-consumer-69820 in state PreparingRebalance with old generation 1 (__consumer_offsets-36) (reason: Removing member console-consumer-a8bc5e67-0e37-4900-ba2f-b3880338d99c on LeaveGroup; client reason: the consumer is being closed) (kafka.coordinator.group.GroupCoordinator)
[2022-05-24 13:00:55,817] INFO [GroupCoordinator 0]: Group console-consumer-69820 with generation 2 is now empty (__consumer_offsets-36) (kafka.coordinator.group.GroupCoordinator)
[2022-05-24 13:00:55,818] INFO [GroupCoordinator 0]: Member MemberMetadata(memberId=console-consumer-a8bc5e67-0e37-4900-ba2f-b3880338d99c, groupInstanceId=None, clientId=console-consumer, clientHost=/172.31.1.45, sessionTimeoutMs=45000, rebalanceTimeoutMs=300000, supportedProtocols=List(range, cooperative-sticky)) has left group console-consumer-69820 through explicit `LeaveGroup`; client reason: the consumer is being closed (kafka.coordinator.group.GroupCoordinator)
[2022-05-24 13:01:27,991] INFO Terminating process due to signal SIGINT (org.apache.kafka.common.utils.LoggingSignalHandler)
[2022-05-24 13:01:28,004] INFO [KafkaServer id=0] shutting down (kafka.server.KafkaServer)
[2022-05-24 13:01:28,004] INFO [KafkaServer id=0] Starting controlled shutdown (kafka.server.KafkaServer)
[2022-05-24 13:01:28,023] INFO [KafkaServer id=0] Controlled shutdown request returned successfully after 14ms (kafka.server.KafkaServer)
[2022-05-24 13:01:28,029] INFO [/config/changes-event-process-thread]: Shutting down (kafka.common.ZkNodeChangeNotificationListener$ChangeEventProcessThread)
[2022-05-24 13:01:28,029] INFO [/config/changes-event-process-thread]: Shutdown completed (kafka.common.ZkNodeChangeNotificationListener$ChangeEventProcessThread)
[2022-05-24 13:01:28,029] INFO [/config/changes-event-process-thread]: Stopped (kafka.common.ZkNodeChangeNotificationListener$ChangeEventProcessThread)
[2022-05-24 13:01:28,030] INFO [SocketServer listenerType=ZK_BROKER, nodeId=0] Stopping socket server request processors (kafka.network.SocketServer)
[2022-05-24 13:01:28,039] INFO [SocketServer listenerType=ZK_BROKER, nodeId=0] Stopped socket server request processors (kafka.network.SocketServer)
[2022-05-24 13:01:28,039] INFO [data-plane Kafka Request Handler on Broker 0], shutting down (kafka.server.KafkaRequestHandlerPool)
[2022-05-24 13:01:28,042] INFO [data-plane Kafka Request Handler on Broker 0], shut down completely (kafka.server.KafkaRequestHandlerPool)
[2022-05-24 13:01:28,045] INFO [ExpirationReaper-0-AlterAcls]: Shutting down (kafka.server.DelayedOperationPurgatory$ExpiredOperationReaper)
[2022-05-24 13:01:28,047] INFO [ExpirationReaper-0-AlterAcls]: Stopped (kafka.server.DelayedOperationPurgatory$ExpiredOperationReaper)
[2022-05-24 13:01:28,047] INFO [ExpirationReaper-0-AlterAcls]: Shutdown completed (kafka.server.DelayedOperationPurgatory$ExpiredOperationReaper)
[2022-05-24 13:01:28,048] INFO [KafkaApi-0] Shutdown complete. (kafka.server.KafkaApis)
[2022-05-24 13:01:28,049] INFO [ExpirationReaper-0-topic]: Shutting down (kafka.server.DelayedOperationPurgatory$ExpiredOperationReaper)
[2022-05-24 13:01:28,051] INFO [ExpirationReaper-0-topic]: Stopped (kafka.server.DelayedOperationPurgatory$ExpiredOperationReaper)
[2022-05-24 13:01:28,051] INFO [ExpirationReaper-0-topic]: Shutdown completed (kafka.server.DelayedOperationPurgatory$ExpiredOperationReaper)
[2022-05-24 13:01:28,053] INFO [TransactionCoordinator id=0] Shutting down. (kafka.coordinator.transaction.TransactionCoordinator)
[2022-05-24 13:01:28,053] INFO [Transaction State Manager 0]: Shutdown complete (kafka.coordinator.transaction.TransactionStateManager)
[2022-05-24 13:01:28,053] INFO [Transaction Marker Channel Manager 0]: Shutting down (kafka.coordinator.transaction.TransactionMarkerChannelManager)
[2022-05-24 13:01:28,054] INFO [Transaction Marker Channel Manager 0]: Stopped (kafka.coordinator.transaction.TransactionMarkerChannelManager)
[2022-05-24 13:01:28,054] INFO [Transaction Marker Channel Manager 0]: Shutdown completed (kafka.coordinator.transaction.TransactionMarkerChannelManager)
[2022-05-24 13:01:28,054] INFO [TransactionCoordinator id=0] Shutdown complete. (kafka.coordinator.transaction.TransactionCoordinator)
[2022-05-24 13:01:28,055] INFO [GroupCoordinator 0]: Shutting down. (kafka.coordinator.group.GroupCoordinator)
[2022-05-24 13:01:28,055] INFO [ExpirationReaper-0-Heartbeat]: Shutting down (kafka.server.DelayedOperationPurgatory$ExpiredOperationReaper)
[2022-05-24 13:01:28,056] INFO [ExpirationReaper-0-Heartbeat]: Stopped (kafka.server.DelayedOperationPurgatory$ExpiredOperationReaper)
[2022-05-24 13:01:28,056] INFO [ExpirationReaper-0-Heartbeat]: Shutdown completed (kafka.server.DelayedOperationPurgatory$ExpiredOperationReaper)
[2022-05-24 13:01:28,056] INFO [ExpirationReaper-0-Rebalance]: Shutting down (kafka.server.DelayedOperationPurgatory$ExpiredOperationReaper)
[2022-05-24 13:01:28,056] INFO [ExpirationReaper-0-Rebalance]: Stopped (kafka.server.DelayedOperationPurgatory$ExpiredOperationReaper)
[2022-05-24 13:01:28,056] INFO [ExpirationReaper-0-Rebalance]: Shutdown completed (kafka.server.DelayedOperationPurgatory$ExpiredOperationReaper)
[2022-05-24 13:01:28,057] INFO [GroupCoordinator 0]: Shutdown complete. (kafka.coordinator.group.GroupCoordinator)
[2022-05-24 13:01:28,058] INFO [ReplicaManager broker=0] Shutting down (kafka.server.ReplicaManager)
[2022-05-24 13:01:28,058] INFO [LogDirFailureHandler]: Shutting down (kafka.server.ReplicaManager$LogDirFailureHandler)
[2022-05-24 13:01:28,059] INFO [LogDirFailureHandler]: Stopped (kafka.server.ReplicaManager$LogDirFailureHandler)
[2022-05-24 13:01:28,059] INFO [LogDirFailureHandler]: Shutdown completed (kafka.server.ReplicaManager$LogDirFailureHandler)
[2022-05-24 13:01:28,059] INFO [ReplicaFetcherManager on broker 0] shutting down (kafka.server.ReplicaFetcherManager)
[2022-05-24 13:01:28,060] INFO [ReplicaFetcherManager on broker 0] shutdown completed (kafka.server.ReplicaFetcherManager)
[2022-05-24 13:01:28,061] INFO [ReplicaAlterLogDirsManager on broker 0] shutting down (kafka.server.ReplicaAlterLogDirsManager)
[2022-05-24 13:01:28,061] INFO [ReplicaAlterLogDirsManager on broker 0] shutdown completed (kafka.server.ReplicaAlterLogDirsManager)
[2022-05-24 13:01:28,061] INFO [ExpirationReaper-0-Fetch]: Shutting down (kafka.server.DelayedOperationPurgatory$ExpiredOperationReaper)
[2022-05-24 13:01:28,061] INFO [ExpirationReaper-0-Fetch]: Shutdown completed (kafka.server.DelayedOperationPurgatory$ExpiredOperationReaper)
[2022-05-24 13:01:28,061] INFO [ExpirationReaper-0-Fetch]: Stopped (kafka.server.DelayedOperationPurgatory$ExpiredOperationReaper)
[2022-05-24 13:01:28,062] INFO [ExpirationReaper-0-Produce]: Shutting down (kafka.server.DelayedOperationPurgatory$ExpiredOperationReaper)
[2022-05-24 13:01:28,065] INFO [ExpirationReaper-0-Produce]: Stopped (kafka.server.DelayedOperationPurgatory$ExpiredOperationReaper)
[2022-05-24 13:01:28,066] INFO [ExpirationReaper-0-Produce]: Shutdown completed (kafka.server.DelayedOperationPurgatory$ExpiredOperationReaper)
[2022-05-24 13:01:28,066] INFO [ExpirationReaper-0-DeleteRecords]: Shutting down (kafka.server.DelayedOperationPurgatory$ExpiredOperationReaper)
[2022-05-24 13:01:28,067] INFO [ExpirationReaper-0-DeleteRecords]: Stopped (kafka.server.DelayedOperationPurgatory$ExpiredOperationReaper)
[2022-05-24 13:01:28,067] INFO [ExpirationReaper-0-DeleteRecords]: Shutdown completed (kafka.server.DelayedOperationPurgatory$ExpiredOperationReaper)
[2022-05-24 13:01:28,068] INFO [ExpirationReaper-0-ElectLeader]: Shutting down (kafka.server.DelayedOperationPurgatory$ExpiredOperationReaper)
[2022-05-24 13:01:28,068] INFO [ExpirationReaper-0-ElectLeader]: Stopped (kafka.server.DelayedOperationPurgatory$ExpiredOperationReaper)
[2022-05-24 13:01:28,068] INFO [ExpirationReaper-0-ElectLeader]: Shutdown completed (kafka.server.DelayedOperationPurgatory$ExpiredOperationReaper)
[2022-05-24 13:01:28,072] INFO [ReplicaManager broker=0] Shut down completely (kafka.server.ReplicaManager)
[2022-05-24 13:01:28,072] INFO [BrokerToControllerChannelManager broker=0 name=alterPartition]: Shutting down (kafka.server.BrokerToControllerRequestThread)
[2022-05-24 13:01:28,072] INFO [BrokerToControllerChannelManager broker=0 name=alterPartition]: Stopped (kafka.server.BrokerToControllerRequestThread)
[2022-05-24 13:01:28,073] INFO [BrokerToControllerChannelManager broker=0 name=alterPartition]: Shutdown completed (kafka.server.BrokerToControllerRequestThread)
[2022-05-24 13:01:28,075] INFO Broker to controller channel manager for alterPartition shutdown (kafka.server.BrokerToControllerChannelManagerImpl)
[2022-05-24 13:01:28,075] INFO [BrokerToControllerChannelManager broker=0 name=forwarding]: Shutting down (kafka.server.BrokerToControllerRequestThread)
[2022-05-24 13:01:28,075] INFO [BrokerToControllerChannelManager broker=0 name=forwarding]: Stopped (kafka.server.BrokerToControllerRequestThread)
[2022-05-24 13:01:28,075] INFO [BrokerToControllerChannelManager broker=0 name=forwarding]: Shutdown completed (kafka.server.BrokerToControllerRequestThread)
[2022-05-24 13:01:28,076] INFO Broker to controller channel manager for forwarding shutdown (kafka.server.BrokerToControllerChannelManagerImpl)
[2022-05-24 13:01:28,076] INFO Shutting down. (kafka.log.LogManager)
[2022-05-24 13:01:28,099] INFO [ProducerStateManager partition=__consumer_offsets-19] Wrote producer snapshot at offset 3 with 0 producer ids in 3 ms. (kafka.log.ProducerStateManager)
[2022-05-24 13:01:28,110] INFO [ProducerStateManager partition=__consumer_offsets-36] Wrote producer snapshot at offset 2 with 0 producer ids in 5 ms. (kafka.log.ProducerStateManager)
[2022-05-24 13:01:28,113] INFO [ProducerStateManager partition=__consumer_offsets-16] Wrote producer snapshot at offset 3 with 0 producer ids in 2 ms. (kafka.log.ProducerStateManager)
[2022-05-24 13:01:28,116] INFO [ProducerStateManager partition=__consumer_offsets-20] Wrote producer snapshot at offset 3 with 0 producer ids in 2 ms. (kafka.log.ProducerStateManager)
[2022-05-24 13:01:28,122] INFO [ProducerStateManager partition=quickstart-events-0] Wrote producer snapshot at offset 27 with 3 producer ids in 3 ms. (kafka.log.ProducerStateManager)
[2022-05-24 13:01:28,125] INFO [ProducerStateManager partition=__consumer_offsets-22] Wrote producer snapshot at offset 3 with 0 producer ids in 1 ms. (kafka.log.ProducerStateManager)
[2022-05-24 13:01:28,137] INFO Shutdown complete. (kafka.log.LogManager)
[2022-05-24 13:01:28,143] INFO [feature-zk-node-event-process-thread]: Shutting down (kafka.server.FinalizedFeatureChangeListener$ChangeNotificationProcessorThread)
[2022-05-24 13:01:28,143] INFO [feature-zk-node-event-process-thread]: Stopped (kafka.server.FinalizedFeatureChangeListener$ChangeNotificationProcessorThread)
[2022-05-24 13:01:28,144] INFO [feature-zk-node-event-process-thread]: Shutdown completed (kafka.server.FinalizedFeatureChangeListener$ChangeNotificationProcessorThread)
[2022-05-24 13:01:28,144] INFO [ZooKeeperClient Kafka server] Closing. (kafka.zookeeper.ZooKeeperClient)
[2022-05-24 13:01:28,150] WARN An exception was thrown while closing send thread for session 0x1000029154d0000. (org.apache.zookeeper.ClientCnxn)
EndOfStreamException: Unable to read additional data from server sessionid 0x1000029154d0000, likely server has closed socket
	at org.apache.zookeeper.ClientCnxnSocketNIO.doIO(ClientCnxnSocketNIO.java:77)
	at org.apache.zookeeper.ClientCnxnSocketNIO.doTransport(ClientCnxnSocketNIO.java:350)
	at org.apache.zookeeper.ClientCnxn$SendThread.run(ClientCnxn.java:1290)
[2022-05-24 13:01:28,255] INFO EventThread shut down for session: 0x1000029154d0000 (org.apache.zookeeper.ClientCnxn)
[2022-05-24 13:01:28,255] INFO Session: 0x1000029154d0000 closed (org.apache.zookeeper.ZooKeeper)
[2022-05-24 13:01:28,256] INFO [ZooKeeperClient Kafka server] Closed. (kafka.zookeeper.ZooKeeperClient)
[2022-05-24 13:01:28,257] INFO [ThrottledChannelReaper-Fetch]: Shutting down (kafka.server.ClientQuotaManager$ThrottledChannelReaper)
[2022-05-24 13:01:28,258] INFO [ThrottledChannelReaper-Fetch]: Stopped (kafka.server.ClientQuotaManager$ThrottledChannelReaper)
[2022-05-24 13:01:28,263] INFO [ThrottledChannelReaper-Fetch]: Shutdown completed (kafka.server.ClientQuotaManager$ThrottledChannelReaper)
[2022-05-24 13:01:28,263] INFO [ThrottledChannelReaper-Produce]: Shutting down (kafka.server.ClientQuotaManager$ThrottledChannelReaper)
[2022-05-24 13:01:28,263] INFO [ThrottledChannelReaper-Produce]: Stopped (kafka.server.ClientQuotaManager$ThrottledChannelReaper)
[2022-05-24 13:01:28,263] INFO [ThrottledChannelReaper-Produce]: Shutdown completed (kafka.server.ClientQuotaManager$ThrottledChannelReaper)
[2022-05-24 13:01:28,263] INFO [ThrottledChannelReaper-Request]: Shutting down (kafka.server.ClientQuotaManager$ThrottledChannelReaper)
[2022-05-24 13:01:28,263] INFO [ThrottledChannelReaper-Request]: Stopped (kafka.server.ClientQuotaManager$ThrottledChannelReaper)
[2022-05-24 13:01:28,263] INFO [ThrottledChannelReaper-Request]: Shutdown completed (kafka.server.ClientQuotaManager$ThrottledChannelReaper)
[2022-05-24 13:01:28,263] INFO [ThrottledChannelReaper-ControllerMutation]: Shutting down (kafka.server.ClientQuotaManager$ThrottledChannelReaper)
[2022-05-24 13:01:28,263] INFO [ThrottledChannelReaper-ControllerMutation]: Stopped (kafka.server.ClientQuotaManager$ThrottledChannelReaper)
[2022-05-24 13:01:28,263] INFO [ThrottledChannelReaper-ControllerMutation]: Shutdown completed (kafka.server.ClientQuotaManager$ThrottledChannelReaper)
[2022-05-24 13:01:28,264] INFO [SocketServer listenerType=ZK_BROKER, nodeId=0] Shutting down socket server (kafka.network.SocketServer)
[2022-05-24 13:01:28,286] INFO [SocketServer listenerType=ZK_BROKER, nodeId=0] Shutdown completed (kafka.network.SocketServer)
[2022-05-24 13:01:28,287] INFO Metrics scheduler closed (org.apache.kafka.common.metrics.Metrics)
[2022-05-24 13:01:28,287] INFO Closing reporter org.apache.kafka.common.metrics.JmxReporter (org.apache.kafka.common.metrics.Metrics)
[2022-05-24 13:01:28,287] INFO Metrics reporters closed (org.apache.kafka.common.metrics.Metrics)
[2022-05-24 13:01:28,288] INFO Broker and topic stats closed (kafka.server.BrokerTopicStats)
[2022-05-24 13:01:28,289] INFO App info kafka.server for 0 unregistered (org.apache.kafka.common.utils.AppInfoParser)
[2022-05-24 13:01:28,289] INFO [KafkaServer id=0] shut down completed (kafka.server.KafkaServer)
